<?xml version="1.0" encoding="UTF-8"?>
<!-- Generated by org.testng.reporters.JUnitReportReporter -->
<testsuite name="com.qa.whatuni.testScript.CategorySearchTest" tests="5" time="22.926" ignored="0" failures="0" timestamp="12 Apr 2021 06:22:03 GMT" skipped="0" hostname="IDP-LAP-145" errors="0">
  <testcase name="verifyHomePage" time="1.042" classname="com.qa.whatuni.testScript.CategorySearchTest"/>
  <testcase name="categorySearchTest" time="9.038" classname="com.qa.whatuni.testScript.CategorySearchTest"/>
  <testcase name="VerifyProviderPage" time="4.466" classname="com.qa.whatuni.testScript.CategorySearchTest"/>
  <testcase name="VerifyProviderResult" time="4.347" classname="com.qa.whatuni.testScript.CategorySearchTest"/>
  <testcase name="VerifyCourseDetailPage" time="4.033" classname="com.qa.whatuni.testScript.CategorySearchTest"/>
</testsuite> <!-- com.qa.whatuni.testScript.CategorySearchTest -->
