<?xml version="1.0" encoding="UTF-8"?>
<!-- Generated by org.testng.reporters.JUnitReportReporter -->
<testsuite name="com.qa.whatuni.util.ExtendReportUtil" tests="1" time="0.602" ignored="0" failures="0" timestamp="02 Apr 2021 13:30:34 GMT" skipped="0" hostname="IDP-LAP-145" errors="0">
  <testcase name="ExtendReportInitialization" time="0.602" classname="com.qa.whatuni.util.ExtendReportUtil"/>
</testsuite> <!-- com.qa.whatuni.util.ExtendReportUtil -->
