<?xml version="1.0" encoding="UTF-8"?>
<!-- Generated by org.testng.reporters.JUnitReportReporter -->
<testsuite name="com.qa.whatuni.testScript.KeywordSearchTest" tests="5" time="26.118" ignored="0" failures="0" timestamp="12 Apr 2021 06:22:03 GMT" skipped="0" hostname="IDP-LAP-145" errors="0">
  <testcase name="VerifyCourseDetailPage" time="4.376" classname="com.qa.whatuni.testScript.KeywordSearchTest"/>
  <testcase name="VerifyProviderPage" time="5.490" classname="com.qa.whatuni.testScript.KeywordSearchTest"/>
  <testcase name="categorySearchTest" time="11.466" classname="com.qa.whatuni.testScript.KeywordSearchTest"/>
  <testcase name="VerifyProviderResult" time="3.757" classname="com.qa.whatuni.testScript.KeywordSearchTest"/>
  <testcase name="verifyHomePage" time="1.029" classname="com.qa.whatuni.testScript.KeywordSearchTest"/>
</testsuite> <!-- com.qa.whatuni.testScript.KeywordSearchTest -->
