<?xml version="1.0" encoding="UTF-8"?>
<!-- Generated by org.testng.reporters.JUnitReportReporter -->
<testsuite name="com.qa.whatuni.testScript.HomePage" tests="1" time="16.743" ignored="0" failures="0" timestamp="14 Mar 2021 12:34:59 GMT" skipped="0" hostname="IDP-LAP-145" errors="0">
  <testcase name="test" time="16.743" classname="com.qa.whatuni.testScript.HomePage"/>
</testsuite> <!-- com.qa.whatuni.testScript.HomePage -->
